<?xml version="1.0" encoding="UTF-8"?>
<!-- Generated by org.testng.reporters.JUnitReportReporter -->
<testsuite hostname="LAPTOP-OGF7ESTH" failures="0" tests="2" name="loginTestCase.pimTestCase" time="35.546" errors="0" timestamp="2024-02-28T23:33:40 IST" skipped="0">
  <testcase classname="loginTestCase.pimTestCase" name="pimpage" time="20.203"/>
  <testcase classname="loginTestCase.pimTestCase" name="pimDetails" time="15.343"/>
</testsuite> <!-- loginTestCase.pimTestCase -->
