<?xml version="1.0" encoding="UTF-8"?>
<!-- Generated by org.testng.reporters.JUnitReportReporter -->
<testsuite hostname="LAPTOP-OGF7ESTH" failures="0" tests="1" name="loginTestCase.adminTestCase" time="13.820" errors="0" timestamp="2024-02-19T23:45:30 IST" skipped="0">
  <testcase classname="loginTestCase.adminTestCase" name="adminPage" time="13.820"/>
</testsuite> <!-- loginTestCase.adminTestCase -->
