<?xml version="1.0" encoding="UTF-8"?>
<!-- Generated by org.testng.reporters.JUnitReportReporter -->
<testsuite hostname="LAPTOP-OGF7ESTH" failures="0" tests="1" name="loginTestCase.loginTestCase" time="1.983" errors="0" timestamp="2024-02-29T20:47:23 IST" skipped="0">
  <testcase classname="loginTestCase.loginTestCase" name="login" time="1.983"/>
</testsuite> <!-- loginTestCase.loginTestCase -->
