<?xml version="1.0" encoding="UTF-8"?>
<!-- Generated by org.testng.reporters.JUnitReportReporter -->
<testsuite hostname="LAPTOP-OGF7ESTH" failures="0" tests="1" name="loginTestCase.adminTestCase" time="20.660" errors="0" timestamp="2024-03-02T23:19:32 IST" skipped="0">
  <testcase classname="loginTestCase.adminTestCase" name="adminPage" time="20.660"/>
</testsuite> <!-- loginTestCase.adminTestCase -->
