<?xml version="1.0" encoding="UTF-8"?>
<!-- Generated by org.testng.reporters.JUnitReportReporter -->
<testsuite hostname="LAPTOP-OGF7ESTH" failures="0" tests="1" name="loginTestCase.helpPageTestCase" time="24.417" errors="0" timestamp="2024-02-29T19:10:36 IST" skipped="0">
  <testcase classname="loginTestCase.helpPageTestCase" name="windowoperation" time="24.417"/>
</testsuite> <!-- loginTestCase.helpPageTestCase -->
