<?xml version="1.0" encoding="UTF-8"?>
<!-- Generated by org.testng.reporters.JUnitReportReporter -->
<testsuite hostname="LAPTOP-OGF7ESTH" failures="0" tests="1" name="loginTestCase.loginTestCase" time="1.697" errors="0" timestamp="2024-02-16T00:37:32 IST" skipped="0">
  <testcase classname="loginTestCase.loginTestCase" name="login" time="1.697"/>
</testsuite> <!-- loginTestCase.loginTestCase -->
