<?xml version="1.0" encoding="UTF-8"?>
<!-- Generated by org.testng.reporters.JUnitReportReporter -->
<testsuite hostname="LAPTOP-OGF7ESTH" failures="0" tests="1" name="loginTestCase.logoutTestCase" time="17.182" errors="0" timestamp="2024-03-03T23:22:33 IST" skipped="0">
  <testcase classname="loginTestCase.logoutTestCase" name="logout" time="17.182"/>
</testsuite> <!-- loginTestCase.logoutTestCase -->
