<?xml version="1.0" encoding="UTF-8"?>
<!-- Generated by org.testng.reporters.JUnitReportReporter -->
<testsuite hostname="LAPTOP-OGF7ESTH" failures="0" tests="2" name="loginTestCase.pimTestCase" time="25.536" errors="0" timestamp="2024-02-18T19:47:45 IST" skipped="0">
  <testcase classname="loginTestCase.pimTestCase" name="pimpage" time="18.350"/>
  <testcase classname="loginTestCase.pimTestCase" name="pimDetails" time="7.186"/>
</testsuite> <!-- loginTestCase.pimTestCase -->
