<?xml version="1.0" encoding="UTF-8"?>
<!-- Generated by org.testng.reporters.JUnitReportReporter -->
<testsuite hostname="LAPTOP-OGF7ESTH" failures="0" tests="1" name="loginTestCase.adminTestCase" time="12.883" errors="0" timestamp="2024-02-18T19:47:45 IST" skipped="0">
  <testcase classname="loginTestCase.adminTestCase" name="adminPage" time="12.883"/>
</testsuite> <!-- loginTestCase.adminTestCase -->
