<?xml version="1.0" encoding="UTF-8"?>
<!-- Generated by org.testng.reporters.JUnitReportReporter -->
<testsuite hostname="LAPTOP-OGF7ESTH" failures="0" tests="2" name="loginTestCase.pimTestCase" time="18.538" errors="0" timestamp="2024-03-03T11:35:33 IST" skipped="1">
  <testcase classname="loginTestCase.pimTestCase" name="pimpage" time="18.538"/>
  <testcase classname="loginTestCase.pimTestCase" name="pimDetails">
    <skipped/>
  </testcase> <!-- pimDetails -->
</testsuite> <!-- loginTestCase.pimTestCase -->
