<?xml version="1.0" encoding="UTF-8"?>
<!-- Generated by org.testng.reporters.JUnitReportReporter -->
<testsuite hostname="LAPTOP-OGF7ESTH" failures="0" tests="1" name="loginTestCase.loginTestCase" time="1.990" errors="0" timestamp="2024-02-18T19:47:45 IST" skipped="0">
  <testcase classname="loginTestCase.loginTestCase" name="login" time="1.990"/>
</testsuite> <!-- loginTestCase.loginTestCase -->
