<?xml version="1.0" encoding="UTF-8"?>
<!-- Generated by org.testng.reporters.JUnitReportReporter -->
<testsuite hostname="LAPTOP-OGF7ESTH" failures="0" tests="1" name="loginTestCase.helpPageTestCase" time="22.935" errors="0" timestamp="2024-03-03T11:35:33 IST" skipped="0">
  <testcase classname="loginTestCase.helpPageTestCase" name="windowoperation" time="22.935"/>
</testsuite> <!-- loginTestCase.helpPageTestCase -->
