<?xml version="1.0" encoding="UTF-8"?>
<!-- Generated by org.testng.reporters.JUnitReportReporter -->
<testsuite hostname="LAPTOP-OGF7ESTH" failures="0" tests="2" name="loginTestCase.pimTestCase" time="34.583" errors="0" timestamp="2024-02-19T23:45:30 IST" skipped="0">
  <testcase classname="loginTestCase.pimTestCase" name="pimpage" time="19.241"/>
  <testcase classname="loginTestCase.pimTestCase" name="pimDetails" time="15.342"/>
</testsuite> <!-- loginTestCase.pimTestCase -->
