<?xml version="1.0" encoding="UTF-8"?>
<!-- Generated by org.testng.reporters.JUnitReportReporter -->
<testsuite hostname="LAPTOP-OGF7ESTH" failures="0" tests="1" name="loginTestCase.adminTestCase" time="13.628" errors="0" timestamp="2024-02-28T23:33:40 IST" skipped="0">
  <testcase classname="loginTestCase.adminTestCase" name="adminPage" time="13.628"/>
</testsuite> <!-- loginTestCase.adminTestCase -->
