<?xml version="1.0" encoding="UTF-8"?>
<!-- Generated by org.testng.reporters.JUnitReportReporter -->
<testsuite hostname="LAPTOP-OGF7ESTH" failures="0" tests="2" name="loginTestCase.pimTestCase" time="34.248" errors="0" timestamp="2024-02-29T19:10:36 IST" skipped="0">
  <testcase classname="loginTestCase.pimTestCase" name="pimpage" time="18.944"/>
  <testcase classname="loginTestCase.pimTestCase" name="pimDetails" time="15.304"/>
</testsuite> <!-- loginTestCase.pimTestCase -->
