<?xml version="1.0" encoding="UTF-8"?>
<!-- Generated by org.testng.reporters.JUnitReportReporter -->
<testsuite hostname="LAPTOP-OGF7ESTH" failures="0" tests="2" name="loginTestCase.pimTestCase" time="19.154" errors="0" timestamp="2024-02-29T20:47:23 IST" skipped="1">
  <testcase classname="loginTestCase.pimTestCase" name="pimpage" time="19.154"/>
  <testcase classname="loginTestCase.pimTestCase" name="pimDetails">
    <skipped/>
  </testcase> <!-- pimDetails -->
</testsuite> <!-- loginTestCase.pimTestCase -->
