<?xml version="1.0" encoding="UTF-8"?>
<!-- Generated by org.testng.reporters.JUnitReportReporter -->
<testsuite hostname="LAPTOP-OGF7ESTH" failures="0" tests="1" name="loginTestCase.helpPageTestCase" time="9.475" errors="0" timestamp="2024-02-19T23:20:53 IST" skipped="0">
  <testcase classname="loginTestCase.helpPageTestCase" name="windowoperation" time="9.475"/>
</testsuite> <!-- loginTestCase.helpPageTestCase -->
