<?xml version="1.0" encoding="UTF-8"?>
<!-- Generated by org.testng.reporters.JUnitReportReporter -->
<testsuite hostname="LAPTOP-OGF7ESTH" failures="0" tests="1" name="loginTestCase.loginTestCase" time="1.671" errors="0" timestamp="2024-02-17T23:12:28 IST" skipped="0">
  <testcase classname="loginTestCase.loginTestCase" name="login" time="1.671"/>
</testsuite> <!-- loginTestCase.loginTestCase -->
