<?xml version="1.0" encoding="UTF-8"?>
<!-- Generated by org.testng.reporters.JUnitReportReporter -->
<testsuite hostname="LAPTOP-OGF7ESTH" failures="0" tests="2" name="loginTestCase.pimTestCase" time="36.878" errors="0" timestamp="2024-02-19T23:20:53 IST" skipped="0">
  <testcase classname="loginTestCase.pimTestCase" name="pimpage" time="21.532"/>
  <testcase classname="loginTestCase.pimTestCase" name="pimDetails" time="15.346"/>
</testsuite> <!-- loginTestCase.pimTestCase -->
